This file contains any messages produced by compilers while
running configure, to aid debugging if configure makes a mistake.

It was created by ncd configure 0.1, which was
generated by GNU Autoconf 2.71.  Invocation command line was

  $ ./configure

## --------- ##
## Platform. ##
## --------- ##

hostname = snow
uname -m = x86_64
uname -r = 5.15.0-47-generic
uname -s = Linux
uname -v = #51-Ubuntu SMP Thu Aug 11 07:51:15 UTC 2022

/usr/bin/uname -p = x86_64
/bin/uname -X     = unknown

/bin/arch              = x86_64
/usr/bin/arch -k       = unknown
/usr/convex/getsysinfo = unknown
/usr/bin/hostinfo      = unknown
/bin/machine           = unknown
/usr/bin/oslevel       = unknown
/bin/universe          = unknown

PATH: /usr/local/sbin/
PATH: /usr/local/bin/
PATH: /usr/sbin/
PATH: /usr/bin/
PATH: /sbin/
PATH: /bin/
PATH: /usr/games/
PATH: /usr/local/games/
PATH: /snap/bin/
PATH: /snap/bin/


## ----------- ##
## Core tests. ##
## ----------- ##

configure:2228: looking for aux files: compile missing install-sh
configure:2241:  trying ./
configure:2270:   ./compile found
configure:2270:   ./missing found
configure:2252:   ./install-sh found
configure:2399: checking for a BSD-compatible install
configure:2472: result: /usr/bin/install -c
configure:2483: checking whether build environment is sane
configure:2538: result: yes
configure:2697: checking for a race-free mkdir -p
configure:2741: result: /usr/bin/mkdir -p
configure:2748: checking for gawk
configure:2783: result: no
configure:2748: checking for mawk
configure:2769: found /usr/bin/mawk
configure:2780: result: mawk
configure:2791: checking whether make sets $(MAKE)
configure:2814: result: yes
configure:2844: checking whether make supports nested variables
configure:2862: result: yes
configure:3062: checking for gcc
configure:3083: found /usr/bin/gcc
configure:3094: result: gcc
configure:3447: checking for C compiler version
configure:3456: gcc --version >&5
gcc (Ubuntu 11.2.0-19ubuntu1) 11.2.0
Copyright (C) 2021 Free Software Foundation, Inc.
This is free software; see the source for copying conditions.  There is NO
warranty; not even for MERCHANTABILITY or FITNESS FOR A PARTICULAR PURPOSE.

configure:3467: $? = 0
configure:3456: gcc -v >&5
Using built-in specs.
COLLECT_GCC=gcc
COLLECT_LTO_WRAPPER=/usr/lib/gcc/x86_64-linux-gnu/11/lto-wrapper
OFFLOAD_TARGET_NAMES=nvptx-none:amdgcn-amdhsa
OFFLOAD_TARGET_DEFAULT=1
Target: x86_64-linux-gnu
Configured with: ../src/configure -v --with-pkgversion='Ubuntu 11.2.0-19ubuntu1' --with-bugurl=file:///usr/share/doc/gcc-11/README.Bugs --enable-languages=c,ada,c++,go,brig,d,fortran,objc,obj-c++,m2 --prefix=/usr --with-gcc-major-version-only --program-suffix=-11 --program-prefix=x86_64-linux-gnu- --enable-shared --enable-linker-build-id --libexecdir=/usr/lib --without-included-gettext --enable-threads=posix --libdir=/usr/lib --enable-nls --enable-bootstrap --enable-clocale=gnu --enable-libstdcxx-debug --enable-libstdcxx-time=yes --with-default-libstdcxx-abi=new --enable-gnu-unique-object --disable-vtable-verify --enable-plugin --enable-default-pie --with-system-zlib --enable-libphobos-checking=release --with-target-system-zlib=auto --enable-objc-gc=auto --enable-multiarch --disable-werror --enable-cet --with-arch-32=i686 --with-abi=m64 --with-multilib-list=m32,m64,mx32 --enable-multilib --with-tune=generic --enable-offload-targets=nvptx-none=/build/gcc-11-gBFGDP/gcc-11-11.2.0/debian/tmp-nvptx/usr,amdgcn-amdhsa=/build/gcc-11-gBFGDP/gcc-11-11.2.0/debian/tmp-gcn/usr --without-cuda-driver --enable-checking=release --build=x86_64-linux-gnu --host=x86_64-linux-gnu --target=x86_64-linux-gnu --with-build-config=bootstrap-lto-lean --enable-link-serialization=2
Thread model: posix
Supported LTO compression algorithms: zlib zstd
gcc version 11.2.0 (Ubuntu 11.2.0-19ubuntu1) 
... rest of stderr output deleted ...
configure:3467: $? = 0
configure:3456: gcc -V >&5
gcc: error: unrecognized command-line option '-V'
gcc: fatal error: no input files
compilation terminated.
configure:3467: $? = 1
configure:3456: gcc -qversion >&5
gcc: error: unrecognized command-line option '-qversion'; did you mean '--version'?
gcc: fatal error: no input files
compilation terminated.
configure:3467: $? = 1
configure:3456: gcc -version >&5
gcc: error: unrecognized command-line option '-version'
gcc: fatal error: no input files
compilation terminated.
configure:3467: $? = 1
configure:3487: checking whether the C compiler works
configure:3509: gcc    conftest.c  >&5
configure:3513: $? = 0
configure:3563: result: yes
configure:3566: checking for C compiler default output file name
configure:3568: result: a.out
configure:3574: checking for suffix of executables
configure:3581: gcc -o conftest    conftest.c  >&5
configure:3585: $? = 0
configure:3608: result: 
configure:3630: checking whether we are cross compiling
configure:3638: gcc -o conftest    conftest.c  >&5
configure:3642: $? = 0
configure:3649: ./conftest
configure:3653: $? = 0
configure:3668: result: no
configure:3673: checking for suffix of object files
configure:3696: gcc -c   conftest.c >&5
configure:3700: $? = 0
configure:3722: result: o
configure:3726: checking whether the compiler supports GNU C
configure:3746: gcc -c   conftest.c >&5
configure:3746: $? = 0
configure:3756: result: yes
configure:3767: checking whether gcc accepts -g
configure:3788: gcc -c -g  conftest.c >&5
configure:3788: $? = 0
configure:3832: result: yes
configure:3852: checking for gcc option to enable C11 features
configure:3867: gcc  -c -g -O2  conftest.c >&5
configure:3867: $? = 0
configure:3885: result: none needed
configure:4001: checking whether gcc understands -c and -o together
configure:4024: gcc -c conftest.c -o conftest2.o
configure:4027: $? = 0
configure:4024: gcc -c conftest.c -o conftest2.o
configure:4027: $? = 0
configure:4039: result: yes
configure:4059: checking whether make supports the include directive
configure:4074: make -f confmf.GNU && cat confinc.out
make[3]: Entering directory '/home/joao/projects/nastyware-analyser/malware-datasource/malware-bazaar/damicore/third/ncd'
make[3]: Leaving directory '/home/joao/projects/nastyware-analyser/malware-datasource/malware-bazaar/damicore/third/ncd'
this is the am__doit target
configure:4077: $? = 0
configure:4096: result: yes (GNU style)
configure:4122: checking dependency style of gcc
configure:4234: result: gcc3
configure:4264: checking for deflate in -lz
configure:4287: gcc -o conftest -g -O2   conftest.c -lz   >&5
configure:4287: $? = 0
configure:4297: result: yes
configure:4329: checking for BZ2_bzCompress in -lbz2
configure:4352: gcc -o conftest -g -O2   conftest.c -lbz2   >&5
configure:4352: $? = 0
configure:4362: result: yes
configure:4384: checking for library containing pthread_create
configure:4414: gcc -o conftest -g -O2   conftest.c  >&5
configure:4414: $? = 0
configure:4434: result: none required
configure:4451: checking for stdio.h
configure:4451: gcc -c -g -O2  conftest.c >&5
configure:4451: $? = 0
configure:4451: result: yes
configure:4451: checking for stdlib.h
configure:4451: gcc -c -g -O2  conftest.c >&5
configure:4451: $? = 0
configure:4451: result: yes
configure:4451: checking for string.h
configure:4451: gcc -c -g -O2  conftest.c >&5
configure:4451: $? = 0
configure:4451: result: yes
configure:4451: checking for inttypes.h
configure:4451: gcc -c -g -O2  conftest.c >&5
configure:4451: $? = 0
configure:4451: result: yes
configure:4451: checking for stdint.h
configure:4451: gcc -c -g -O2  conftest.c >&5
configure:4451: $? = 0
configure:4451: result: yes
configure:4451: checking for strings.h
configure:4451: gcc -c -g -O2  conftest.c >&5
configure:4451: $? = 0
configure:4451: result: yes
configure:4451: checking for sys/stat.h
configure:4451: gcc -c -g -O2  conftest.c >&5
configure:4451: $? = 0
configure:4451: result: yes
configure:4451: checking for sys/types.h
configure:4451: gcc -c -g -O2  conftest.c >&5
configure:4451: $? = 0
configure:4451: result: yes
configure:4451: checking for unistd.h
configure:4451: gcc -c -g -O2  conftest.c >&5
configure:4451: $? = 0
configure:4451: result: yes
configure:4476: checking for getopt.h
configure:4476: gcc -c -g -O2  conftest.c >&5
configure:4476: $? = 0
configure:4476: result: yes
configure:4482: checking for libgen.h
configure:4482: gcc -c -g -O2  conftest.c >&5
configure:4482: $? = 0
configure:4482: result: yes
configure:4600: checking that generated files are newer than configure
configure:4606: result: done
configure:4629: creating ./config.status

## ---------------------- ##
## Running config.status. ##
## ---------------------- ##

This file was extended by ncd config.status 0.1, which was
generated by GNU Autoconf 2.71.  Invocation command line was

  CONFIG_FILES    = 
  CONFIG_HEADERS  = 
  CONFIG_LINKS    = 
  CONFIG_COMMANDS = 
  $ ./config.status 

on snow

config.status:853: creating Makefile
config.status:853: creating src/Makefile
config.status:853: creating src/config.h
config.status:1082: executing depfiles commands
config.status:1159: cd src       && sed -e '/# am--include-marker/d' Makefile         | make -f - am--depfiles
make[3]: Entering directory '/home/joao/projects/nastyware-analyser/malware-datasource/malware-bazaar/damicore/third/ncd/src'
make[3]: Leaving directory '/home/joao/projects/nastyware-analyser/malware-datasource/malware-bazaar/damicore/third/ncd/src'
config.status:1164: $? = 0

## ---------------- ##
## Cache variables. ##
## ---------------- ##

ac_cv_c_compiler_gnu=yes
ac_cv_env_CC_set=
ac_cv_env_CC_value=
ac_cv_env_CFLAGS_set=
ac_cv_env_CFLAGS_value=
ac_cv_env_CPPFLAGS_set=
ac_cv_env_CPPFLAGS_value=
ac_cv_env_LDFLAGS_set=
ac_cv_env_LDFLAGS_value=
ac_cv_env_LIBS_set=
ac_cv_env_LIBS_value=
ac_cv_env_build_alias_set=
ac_cv_env_build_alias_value=
ac_cv_env_host_alias_set=
ac_cv_env_host_alias_value=
ac_cv_env_target_alias_set=
ac_cv_env_target_alias_value=
ac_cv_header_getopt_h=yes
ac_cv_header_inttypes_h=yes
ac_cv_header_libgen_h=yes
ac_cv_header_stdint_h=yes
ac_cv_header_stdio_h=yes
ac_cv_header_stdlib_h=yes
ac_cv_header_string_h=yes
ac_cv_header_strings_h=yes
ac_cv_header_sys_stat_h=yes
ac_cv_header_sys_types_h=yes
ac_cv_header_unistd_h=yes
ac_cv_lib_bz2_BZ2_bzCompress=yes
ac_cv_lib_z_deflate=yes
ac_cv_objext=o
ac_cv_path_install='/usr/bin/install -c'
ac_cv_path_mkdir=/usr/bin/mkdir
ac_cv_prog_AWK=mawk
ac_cv_prog_ac_ct_CC=gcc
ac_cv_prog_cc_c11=
ac_cv_prog_cc_g=yes
ac_cv_prog_cc_stdc=
ac_cv_prog_make_make_set=yes
ac_cv_search_pthread_create='none required'
am_cv_CC_dependencies_compiler_type=gcc3
am_cv_make_support_nested_variables=yes
am_cv_prog_cc_c_o=yes

## ----------------- ##
## Output variables. ##
## ----------------- ##

ACLOCAL='${SHELL} '\''/home/joao/projects/nastyware-analyser/malware-datasource/malware-bazaar/damicore/third/ncd/missing'\'' aclocal-1.16'
AMDEPBACKSLASH='\'
AMDEP_FALSE='#'
AMDEP_TRUE=''
AMTAR='$${TAR-tar}'
AM_BACKSLASH='\'
AM_DEFAULT_V='$(AM_DEFAULT_VERBOSITY)'
AM_DEFAULT_VERBOSITY='1'
AM_V='$(V)'
AUTOCONF='${SHELL} '\''/home/joao/projects/nastyware-analyser/malware-datasource/malware-bazaar/damicore/third/ncd/missing'\'' autoconf'
AUTOHEADER='${SHELL} '\''/home/joao/projects/nastyware-analyser/malware-datasource/malware-bazaar/damicore/third/ncd/missing'\'' autoheader'
AUTOMAKE='${SHELL} '\''/home/joao/projects/nastyware-analyser/malware-datasource/malware-bazaar/damicore/third/ncd/missing'\'' automake-1.16'
AWK='mawk'
BZLIB_LIBS='-lbz2'
CC='gcc'
CCDEPMODE='depmode=gcc3'
CFLAGS='-g -O2'
CPPFLAGS=''
CSCOPE='cscope'
CTAGS='ctags'
CYGPATH_W='echo'
DEFS='-DHAVE_CONFIG_H'
DEPDIR='.deps'
ECHO_C=''
ECHO_N='-n'
ECHO_T=''
ETAGS='etags'
EXEEXT=''
INSTALL_DATA='${INSTALL} -m 644'
INSTALL_PROGRAM='${INSTALL}'
INSTALL_SCRIPT='${INSTALL}'
INSTALL_STRIP_PROGRAM='$(install_sh) -c -s'
LDFLAGS=''
LIBOBJS=''
LIBS=''
LTLIBOBJS=''
MAKEINFO='${SHELL} '\''/home/joao/projects/nastyware-analyser/malware-datasource/malware-bazaar/damicore/third/ncd/missing'\'' makeinfo'
MKDIR_P='/usr/bin/mkdir -p'
OBJEXT='o'
PACKAGE='ncd'
PACKAGE_BUGREPORT='rene@renesp.com.br'
PACKAGE_NAME='ncd'
PACKAGE_STRING='ncd 0.1'
PACKAGE_TARNAME='ncd'
PACKAGE_URL=''
PACKAGE_VERSION='0.1'
PATH_SEPARATOR=':'
SET_MAKE=''
SHELL='/bin/bash'
STRIP=''
VERSION='0.1'
ZLIB_LIBS='-lz'
ac_ct_CC='gcc'
am__EXEEXT_FALSE=''
am__EXEEXT_TRUE='#'
am__fastdepCC_FALSE='#'
am__fastdepCC_TRUE=''
am__include='include'
am__isrc=''
am__leading_dot='.'
am__nodep='_no'
am__quote=''
am__tar='$${TAR-tar} chof - "$$tardir"'
am__untar='$${TAR-tar} xf -'
bindir='${exec_prefix}/bin'
build_alias=''
datadir='${datarootdir}'
datarootdir='${prefix}/share'
docdir='${datarootdir}/doc/${PACKAGE_TARNAME}'
dvidir='${docdir}'
exec_prefix='${prefix}'
host_alias=''
htmldir='${docdir}'
includedir='${prefix}/include'
infodir='${datarootdir}/info'
install_sh='${SHELL} /home/joao/projects/nastyware-analyser/malware-datasource/malware-bazaar/damicore/third/ncd/install-sh'
libdir='${exec_prefix}/lib'
libexecdir='${exec_prefix}/libexec'
localedir='${datarootdir}/locale'
localstatedir='${prefix}/var'
mandir='${datarootdir}/man'
mkdir_p='$(MKDIR_P)'
oldincludedir='/usr/include'
pdfdir='${docdir}'
prefix='/usr/local'
program_transform_name='s,x,x,'
psdir='${docdir}'
runstatedir='${localstatedir}/run'
sbindir='${exec_prefix}/sbin'
sharedstatedir='${prefix}/com'
sysconfdir='${prefix}/etc'
target_alias=''

## ----------- ##
## confdefs.h. ##
## ----------- ##

/* confdefs.h */
#define PACKAGE_NAME "ncd"
#define PACKAGE_TARNAME "ncd"
#define PACKAGE_VERSION "0.1"
#define PACKAGE_STRING "ncd 0.1"
#define PACKAGE_BUGREPORT "rene@renesp.com.br"
#define PACKAGE_URL ""
#define PACKAGE "ncd"
#define VERSION "0.1"
#define HAVE_ZLIB 1
#define HAVE_BZLIB 1
#define HAVE_STDIO_H 1
#define HAVE_STDLIB_H 1
#define HAVE_STRING_H 1
#define HAVE_INTTYPES_H 1
#define HAVE_STDINT_H 1
#define HAVE_STRINGS_H 1
#define HAVE_SYS_STAT_H 1
#define HAVE_SYS_TYPES_H 1
#define HAVE_UNISTD_H 1
#define STDC_HEADERS 1
#define HAVE_GETOPT_H 1
#define HAVE_LIBGEN_H 1

configure: exit 0
