This file contains any messages produced by compilers while
running configure, to aid debugging if configure makes a mistake.

It was created by DAMICORE Bundle configure 0.1.1, which was
generated by GNU Autoconf 2.71.  Invocation command line was

  $ ./configure --prefix=/home/joao/projects/nastyware-analyser/malware-datasource/malware-bazaar/damicore

## --------- ##
## Platform. ##
## --------- ##

hostname = snow
uname -m = x86_64
uname -r = 5.15.0-47-generic
uname -s = Linux
uname -v = #51-Ubuntu SMP Thu Aug 11 07:51:15 UTC 2022

/usr/bin/uname -p = x86_64
/bin/uname -X     = unknown

/bin/arch              = x86_64
/usr/bin/arch -k       = unknown
/usr/convex/getsysinfo = unknown
/usr/bin/hostinfo      = unknown
/bin/machine           = unknown
/usr/bin/oslevel       = unknown
/bin/universe          = unknown

PATH: /usr/local/sbin/
PATH: /usr/local/bin/
PATH: /usr/sbin/
PATH: /usr/bin/
PATH: /sbin/
PATH: /bin/
PATH: /usr/games/
PATH: /usr/local/games/
PATH: /snap/bin/
PATH: /snap/bin/


## ----------- ##
## Core tests. ##
## ----------- ##

configure:2215: looking for aux files: config.guess config.sub compile missing install-sh
configure:2228:  trying ./build-aux/
configure:2257:   ./build-aux/config.guess found
configure:2257:   ./build-aux/config.sub found
configure:2257:   ./build-aux/compile found
configure:2257:   ./build-aux/missing found
configure:2239:   ./build-aux/install-sh found
configure:2392: checking for a BSD-compatible install
configure:2465: result: /usr/bin/install -c
configure:2476: checking whether build environment is sane
configure:2531: result: yes
configure:2690: checking for a race-free mkdir -p
configure:2734: result: /usr/bin/mkdir -p
configure:2741: checking for gawk
configure:2776: result: no
configure:2741: checking for mawk
configure:2762: found /usr/bin/mawk
configure:2773: result: mawk
configure:2784: checking whether make sets $(MAKE)
configure:2807: result: yes
configure:2837: checking whether make supports nested variables
configure:2855: result: yes
configure:3055: checking for gcc
configure:3076: found /usr/bin/gcc
configure:3087: result: gcc
configure:3440: checking for C compiler version
configure:3449: gcc --version >&5
gcc (Ubuntu 11.2.0-19ubuntu1) 11.2.0
Copyright (C) 2021 Free Software Foundation, Inc.
This is free software; see the source for copying conditions.  There is NO
warranty; not even for MERCHANTABILITY or FITNESS FOR A PARTICULAR PURPOSE.

configure:3460: $? = 0
configure:3449: gcc -v >&5
Using built-in specs.
COLLECT_GCC=gcc
COLLECT_LTO_WRAPPER=/usr/lib/gcc/x86_64-linux-gnu/11/lto-wrapper
OFFLOAD_TARGET_NAMES=nvptx-none:amdgcn-amdhsa
OFFLOAD_TARGET_DEFAULT=1
Target: x86_64-linux-gnu
Configured with: ../src/configure -v --with-pkgversion='Ubuntu 11.2.0-19ubuntu1' --with-bugurl=file:///usr/share/doc/gcc-11/README.Bugs --enable-languages=c,ada,c++,go,brig,d,fortran,objc,obj-c++,m2 --prefix=/usr --with-gcc-major-version-only --program-suffix=-11 --program-prefix=x86_64-linux-gnu- --enable-shared --enable-linker-build-id --libexecdir=/usr/lib --without-included-gettext --enable-threads=posix --libdir=/usr/lib --enable-nls --enable-bootstrap --enable-clocale=gnu --enable-libstdcxx-debug --enable-libstdcxx-time=yes --with-default-libstdcxx-abi=new --enable-gnu-unique-object --disable-vtable-verify --enable-plugin --enable-default-pie --with-system-zlib --enable-libphobos-checking=release --with-target-system-zlib=auto --enable-objc-gc=auto --enable-multiarch --disable-werror --enable-cet --with-arch-32=i686 --with-abi=m64 --with-multilib-list=m32,m64,mx32 --enable-multilib --with-tune=generic --enable-offload-targets=nvptx-none=/build/gcc-11-gBFGDP/gcc-11-11.2.0/debian/tmp-nvptx/usr,amdgcn-amdhsa=/build/gcc-11-gBFGDP/gcc-11-11.2.0/debian/tmp-gcn/usr --without-cuda-driver --enable-checking=release --build=x86_64-linux-gnu --host=x86_64-linux-gnu --target=x86_64-linux-gnu --with-build-config=bootstrap-lto-lean --enable-link-serialization=2
Thread model: posix
Supported LTO compression algorithms: zlib zstd
gcc version 11.2.0 (Ubuntu 11.2.0-19ubuntu1) 
... rest of stderr output deleted ...
configure:3460: $? = 0
configure:3449: gcc -V >&5
gcc: error: unrecognized command-line option '-V'
gcc: fatal error: no input files
compilation terminated.
configure:3460: $? = 1
configure:3449: gcc -qversion >&5
gcc: error: unrecognized command-line option '-qversion'; did you mean '--version'?
gcc: fatal error: no input files
compilation terminated.
configure:3460: $? = 1
configure:3449: gcc -version >&5
gcc: error: unrecognized command-line option '-version'
gcc: fatal error: no input files
compilation terminated.
configure:3460: $? = 1
configure:3480: checking whether the C compiler works
configure:3502: gcc    conftest.c  >&5
configure:3506: $? = 0
configure:3556: result: yes
configure:3559: checking for C compiler default output file name
configure:3561: result: a.out
configure:3567: checking for suffix of executables
configure:3574: gcc -o conftest    conftest.c  >&5
configure:3578: $? = 0
configure:3601: result: 
configure:3623: checking whether we are cross compiling
configure:3631: gcc -o conftest    conftest.c  >&5
configure:3635: $? = 0
configure:3642: ./conftest
configure:3646: $? = 0
configure:3661: result: no
configure:3666: checking for suffix of object files
configure:3689: gcc -c   conftest.c >&5
configure:3693: $? = 0
configure:3715: result: o
configure:3719: checking whether the compiler supports GNU C
configure:3739: gcc -c   conftest.c >&5
configure:3739: $? = 0
configure:3749: result: yes
configure:3760: checking whether gcc accepts -g
configure:3781: gcc -c -g  conftest.c >&5
configure:3781: $? = 0
configure:3825: result: yes
configure:3845: checking for gcc option to enable C11 features
configure:3860: gcc  -c -g -O2  conftest.c >&5
configure:3860: $? = 0
configure:3878: result: none needed
configure:3994: checking whether gcc understands -c and -o together
configure:4017: gcc -c conftest.c -o conftest2.o
configure:4020: $? = 0
configure:4017: gcc -c conftest.c -o conftest2.o
configure:4020: $? = 0
configure:4032: result: yes
configure:4052: checking whether make supports the include directive
configure:4067: make -f confmf.GNU && cat confinc.out
this is the am__doit target
configure:4070: $? = 0
configure:4089: result: yes (GNU style)
configure:4115: checking dependency style of gcc
configure:4227: result: gcc3
configure:4243: checking whether ln -s works
configure:4247: result: yes
configure:4267: checking for wget
configure:4288: found /usr/bin/wget
configure:4299: result: wget
configure:4337: checking build system type
configure:4352: result: x86_64-pc-linux-gnu
configure:4372: checking host system type
configure:4386: result: x86_64-pc-linux-gnu
configure:4406: checking for a sed that does not truncate output
configure:4476: result: /usr/bin/sed
configure:4487: checking how to run the C preprocessor
configure:4513: gcc -E  conftest.c
configure:4513: $? = 0
configure:4528: gcc -E  conftest.c
conftest.c:11:10: fatal error: ac_nonexistent.h: No such file or directory
   11 | #include <ac_nonexistent.h>
      |          ^~~~~~~~~~~~~~~~~~
compilation terminated.
configure:4528: $? = 1
configure: failed program was:
| /* confdefs.h */
| #define PACKAGE_NAME "DAMICORE Bundle"
| #define PACKAGE_TARNAME "damicore"
| #define PACKAGE_VERSION "0.1.1"
| #define PACKAGE_STRING "DAMICORE Bundle 0.1.1"
| #define PACKAGE_BUGREPORT "monaco@usp.br"
| #define PACKAGE_URL ""
| #define PACKAGE "damicore"
| #define VERSION "0.1.1"
| /* end confdefs.h.  */
| #include <ac_nonexistent.h>
configure:4555: result: gcc -E
configure:4569: gcc -E  conftest.c
configure:4569: $? = 0
configure:4584: gcc -E  conftest.c
conftest.c:11:10: fatal error: ac_nonexistent.h: No such file or directory
   11 | #include <ac_nonexistent.h>
      |          ^~~~~~~~~~~~~~~~~~
compilation terminated.
configure:4584: $? = 1
configure: failed program was:
| /* confdefs.h */
| #define PACKAGE_NAME "DAMICORE Bundle"
| #define PACKAGE_TARNAME "damicore"
| #define PACKAGE_VERSION "0.1.1"
| #define PACKAGE_STRING "DAMICORE Bundle 0.1.1"
| #define PACKAGE_BUGREPORT "monaco@usp.br"
| #define PACKAGE_URL ""
| #define PACKAGE "damicore"
| #define VERSION "0.1.1"
| /* end confdefs.h.  */
| #include <ac_nonexistent.h>
configure:4615: checking for grep that handles long lines and -e
configure:4679: result: /usr/bin/grep
configure:4684: checking for egrep
configure:4752: result: /usr/bin/grep -E
configure:4942: checking whether gcc is Clang
configure:4969: result: no
configure:5097: checking whether pthreads work with -pthread
configure:5197: gcc -o conftest -g -O2 -pthread   conftest.c   >&5
configure:5197: $? = 0
configure:5207: result: yes
configure:5227: checking for joinable pthread attribute
configure:5246: gcc -o conftest -g -O2 -pthread   conftest.c   >&5
configure:5246: $? = 0
configure:5255: result: PTHREAD_CREATE_JOINABLE
configure:5268: checking whether more special flags are required for pthreads
configure:5282: result: no
configure:5291: checking for PTHREAD_PRIO_INHERIT
configure:5308: gcc -o conftest -g -O2 -pthread   conftest.c   >&5
configure:5308: $? = 0
configure:5318: result: yes
configure:5544: checking that generated files are newer than configure
configure:5550: result: done
configure:5573: creating ./config.status

## ---------------------- ##
## Running config.status. ##
## ---------------------- ##

This file was extended by DAMICORE Bundle config.status 0.1.1, which was
generated by GNU Autoconf 2.71.  Invocation command line was

  CONFIG_FILES    = 
  CONFIG_HEADERS  = 
  CONFIG_LINKS    = 
  CONFIG_COMMANDS = 
  $ ./config.status 

on snow

config.status:868: creating Makefile
config.status:868: creating third/Makefile
config.status:868: creating script/Makefile
config.status:868: creating doc/Makefile
config.status:868: creating src/Makefile
config.status:868: creating config.h
config.status:1049: config.h is unchanged
config.status:1097: executing depfiles commands
config.status:1174: cd src       && sed -e '/# am--include-marker/d' Makefile         | make -f - am--depfiles
make: Nothing to be done for 'am--depfiles'.
config.status:1179: $? = 0

## ---------------- ##
## Cache variables. ##
## ---------------- ##

ac_cv_build=x86_64-pc-linux-gnu
ac_cv_c_compiler_gnu=yes
ac_cv_env_CC_set=
ac_cv_env_CC_value=
ac_cv_env_CFLAGS_set=
ac_cv_env_CFLAGS_value=
ac_cv_env_CPPFLAGS_set=
ac_cv_env_CPPFLAGS_value=
ac_cv_env_CPP_set=
ac_cv_env_CPP_value=
ac_cv_env_LDFLAGS_set=
ac_cv_env_LDFLAGS_value=
ac_cv_env_LIBS_set=
ac_cv_env_LIBS_value=
ac_cv_env_build_alias_set=
ac_cv_env_build_alias_value=
ac_cv_env_host_alias_set=
ac_cv_env_host_alias_value=
ac_cv_env_target_alias_set=
ac_cv_env_target_alias_value=
ac_cv_host=x86_64-pc-linux-gnu
ac_cv_objext=o
ac_cv_path_EGREP='/usr/bin/grep -E'
ac_cv_path_GREP=/usr/bin/grep
ac_cv_path_SED=/usr/bin/sed
ac_cv_path_install='/usr/bin/install -c'
ac_cv_path_mkdir=/usr/bin/mkdir
ac_cv_prog_AWK=mawk
ac_cv_prog_CPP='gcc -E'
ac_cv_prog_WEB_GET=wget
ac_cv_prog_ac_ct_CC=gcc
ac_cv_prog_cc_c11=
ac_cv_prog_cc_g=yes
ac_cv_prog_cc_stdc=
ac_cv_prog_make_make_set=yes
am_cv_CC_dependencies_compiler_type=gcc3
am_cv_make_support_nested_variables=yes
am_cv_prog_cc_c_o=yes
ax_cv_PTHREAD_CLANG=no
ax_cv_PTHREAD_JOINABLE_ATTR=PTHREAD_CREATE_JOINABLE
ax_cv_PTHREAD_PRIO_INHERIT=yes
ax_cv_PTHREAD_SPECIAL_FLAGS=no

## ----------------- ##
## Output variables. ##
## ----------------- ##

ACLOCAL='${SHELL} '\''/home/joao/projects/nastyware-analyser/malware-datasource/malware-bazaar/damicore/build-aux/missing'\'' aclocal-1.16'
AMDEPBACKSLASH='\'
AMDEP_FALSE='#'
AMDEP_TRUE=''
AMTAR='$${TAR-tar}'
AM_BACKSLASH='\'
AM_DEFAULT_V='$(AM_DEFAULT_VERBOSITY)'
AM_DEFAULT_VERBOSITY='1'
AM_V='$(V)'
AUTOCONF='${SHELL} '\''/home/joao/projects/nastyware-analyser/malware-datasource/malware-bazaar/damicore/build-aux/missing'\'' autoconf'
AUTOHEADER='${SHELL} '\''/home/joao/projects/nastyware-analyser/malware-datasource/malware-bazaar/damicore/build-aux/missing'\'' autoheader'
AUTOMAKE='${SHELL} '\''/home/joao/projects/nastyware-analyser/malware-datasource/malware-bazaar/damicore/build-aux/missing'\'' automake-1.16'
AWK='mawk'
BUILD_ID='1'
CC='gcc'
CCDEPMODE='depmode=gcc3'
CFLAGS='-g -O2'
CPP='gcc -E'
CPPFLAGS=''
CPP_FLAGS='-ansi -D_POSIX_C_SOURCE=200809L -Wall -Wextra'
CSCOPE='cscope'
CTAGS='ctags'
CYGPATH_W='echo'
C_FLAGS=''
DEFS='-DHAVE_CONFIG_H'
DEPDIR='.deps'
ECHO_C=''
ECHO_N='-n'
ECHO_T=''
EGREP='/usr/bin/grep -E'
ETAGS='etags'
EXEEXT=''
FIGTREE='FigTree_v1.4.4.tgz'
FIGTREE_DIR='FigTree_v1.4.4'
GREP='/usr/bin/grep'
INSTALL_DATA='${INSTALL} -m 644'
INSTALL_PROGRAM='${INSTALL}'
INSTALL_SCRIPT='${INSTALL}'
INSTALL_STRIP_PROGRAM='$(install_sh) -c -s'
LDFLAGS=''
LD_FLAGS=''
LIBOBJS=''
LIBS=''
LN_S='ln -s'
LTLIBOBJS=''
MAKEINFO='${SHELL} '\''/home/joao/projects/nastyware-analyser/malware-datasource/malware-bazaar/damicore/build-aux/missing'\'' makeinfo'
MKDIR_P='/usr/bin/mkdir -p'
OBJEXT='o'
PACKAGE='damicore'
PACKAGE_BUGREPORT='monaco@usp.br'
PACKAGE_NAME='DAMICORE Bundle'
PACKAGE_STRING='DAMICORE Bundle 0.1.1'
PACKAGE_TARNAME='damicore'
PACKAGE_URL=''
PACKAGE_VERSION='0.1.1'
PATH_SEPARATOR=':'
PHYLIP='phylip-3.697.tar.gz'
PHYLIP_DIR='phylip-3.697'
PTHREAD_CC='gcc'
PTHREAD_CFLAGS='-pthread'
PTHREAD_LIBS=''
SED='/usr/bin/sed'
SET_MAKE=''
SHELL='/bin/bash'
STRIP=''
VERSION='0.1.1'
WEB_GET='wget'
ac_ct_CC='gcc'
am__EXEEXT_FALSE=''
am__EXEEXT_TRUE='#'
am__fastdepCC_FALSE='#'
am__fastdepCC_TRUE=''
am__include='include'
am__isrc=''
am__leading_dot='.'
am__nodep='_no'
am__quote=''
am__tar='$${TAR-tar} chof - "$$tardir"'
am__untar='$${TAR-tar} xf -'
ax_pthread_config=''
bindir='${exec_prefix}/bin'
build='x86_64-pc-linux-gnu'
build_alias=''
build_cpu='x86_64'
build_os='linux-gnu'
build_vendor='pc'
datadir='${datarootdir}'
datarootdir='${prefix}/share'
docdir='${datarootdir}/doc/${PACKAGE_TARNAME}'
dvidir='${docdir}'
exec_prefix='${prefix}'
host='x86_64-pc-linux-gnu'
host_alias=''
host_cpu='x86_64'
host_os='linux-gnu'
host_vendor='pc'
htmldir='${docdir}'
includedir='${prefix}/include'
infodir='${datarootdir}/info'
install_sh='${SHELL} /home/joao/projects/nastyware-analyser/malware-datasource/malware-bazaar/damicore/build-aux/install-sh'
libdir='${exec_prefix}/lib'
libexecdir='${exec_prefix}/libexec'
localedir='${datarootdir}/locale'
localstatedir='${prefix}/var'
mandir='${datarootdir}/man'
mkdir_p='$(MKDIR_P)'
oldincludedir='/usr/include'
pdfdir='${docdir}'
prefix='/home/joao/projects/nastyware-analyser/malware-datasource/malware-bazaar/damicore'
program_transform_name='s,x,x,'
psdir='${docdir}'
runstatedir='${localstatedir}/run'
sbindir='${exec_prefix}/sbin'
sharedstatedir='${prefix}/com'
sysconfdir='${prefix}/etc'
target_alias=''

## ----------- ##
## confdefs.h. ##
## ----------- ##

/* confdefs.h */
#define PACKAGE_NAME "DAMICORE Bundle"
#define PACKAGE_TARNAME "damicore"
#define PACKAGE_VERSION "0.1.1"
#define PACKAGE_STRING "DAMICORE Bundle 0.1.1"
#define PACKAGE_BUGREPORT "monaco@usp.br"
#define PACKAGE_URL ""
#define PACKAGE "damicore"
#define VERSION "0.1.1"
#define HAVE_PTHREAD_PRIO_INHERIT 1
#define HAVE_PTHREAD 1

configure: exit 0
